2026-05-09T12:28:12.917+05:30  INFO 11360 --- [dateon] [main] com.example.dateon.DateonApplication     : Starting DateonApplication using Java 24.0.1 with PID 11360 (C:\Users\akhil\Documents\projects\dateon\target\classes started by akhil in C:\Users\akhil\Documents\projects\dateon)
2026-05-09T12:28:12.928+05:30 DEBUG 11360 --- [dateon] [main] com.example.dateon.DateonApplication     : Running with Spring Boot v3.5.6, Spring v6.2.11
2026-05-09T12:28:12.929+05:30  INFO 11360 --- [dateon] [main] com.example.dateon.DateonApplication     : The following 1 profile is active: "local"
2026-05-09T12:28:14.718+05:30  INFO 11360 --- [dateon] [main] .s.d.r.c.RepositoryConfigurationDelegate : Bootstrapping Spring Data JPA repositories in DEFAULT mode.
2026-05-09T12:28:14.845+05:30  INFO 11360 --- [dateon] [main] .s.d.r.c.RepositoryConfigurationDelegate : Finished Spring Data repository scanning in 109 ms. Found 6 JPA repository interfaces.
2026-05-09T12:28:16.232+05:30  INFO 11360 --- [dateon] [main] o.s.b.w.embedded.tomcat.TomcatWebServer  : Tomcat initialized with port 8080 (http)
2026-05-09T12:28:16.268+05:30  INFO 11360 --- [dateon] [main] o.apache.catalina.core.StandardService   : Starting service [Tomcat]
2026-05-09T12:28:16.269+05:30  INFO 11360 --- [dateon] [main] o.apache.catalina.core.StandardEngine    : Starting Servlet engine: [Apache Tomcat/10.1.46]
2026-05-09T12:28:16.390+05:30  INFO 11360 --- [dateon] [main] o.a.c.c.C.[Tomcat].[localhost].[/]       : Initializing Spring embedded WebApplicationContext
2026-05-09T12:28:16.390+05:30  INFO 11360 --- [dateon] [main] w.s.c.ServletWebServerApplicationContext : Root WebApplicationContext: initialization completed in 3361 ms
2026-05-09T12:28:16.800+05:30 DEBUG 11360 --- [dateon] [main] o.s.w.f.ServerHttpObservationFilter      : Filter 'webMvcObservationFilter' configured for use
2026-05-09T12:28:16.800+05:30 DEBUG 11360 --- [dateon] [main] com.example.dateon.Config.JwtFilter      : Filter 'jwtFilter' configured for use
2026-05-09T12:28:17.022+05:30  INFO 11360 --- [dateon] [main] o.hibernate.jpa.internal.util.LogHelper  : HHH000204: Processing PersistenceUnitInfo [name: default]
2026-05-09T12:28:17.156+05:30  INFO 11360 --- [dateon] [main] org.hibernate.Version                    : HHH000412: Hibernate ORM core version 6.6.29.Final
2026-05-09T12:28:17.222+05:30  INFO 11360 --- [dateon] [main] o.h.c.internal.RegionFactoryInitiator    : HHH000026: Second-level cache disabled
2026-05-09T12:28:17.724+05:30  INFO 11360 --- [dateon] [main] o.s.o.j.p.SpringPersistenceUnitInfo      : No LoadTimeWeaver setup: ignoring JPA class transformer
2026-05-09T12:28:17.769+05:30  INFO 11360 --- [dateon] [main] com.zaxxer.hikari.HikariDataSource       : HikariPool-1 - Starting...
2026-05-09T12:28:18.149+05:30  INFO 11360 --- [dateon] [main] com.zaxxer.hikari.pool.HikariPool        : HikariPool-1 - Added connection org.postgresql.jdbc.PgConnection@73958426
2026-05-09T12:28:18.155+05:30  INFO 11360 --- [dateon] [main] com.zaxxer.hikari.HikariDataSource       : HikariPool-1 - Start completed.
2026-05-09T12:28:18.226+05:30  WARN 11360 --- [dateon] [main] org.hibernate.orm.deprecation            : HHH90000025: PostgreSQLDialect does not need to be specified explicitly using 'hibernate.dialect' (remove the property setting and it will be selected by default)
2026-05-09T12:28:18.255+05:30  INFO 11360 --- [dateon] [main] org.hibernate.orm.connections.pooling    : HHH10001005: Database info:
	Database JDBC URL [Connecting through datasource 'HikariDataSource (HikariPool-1)']
	Database driver: undefined/unknown
	Database version: 17.4
	Autocommit mode: undefined/unknown
	Isolation level: undefined/unknown
	Minimum pool size: undefined/unknown
	Maximum pool size: undefined/unknown
2026-05-09T12:28:19.673+05:30  INFO 11360 --- [dateon] [main] o.h.e.t.j.p.i.JtaPlatformInitiator       : HHH000489: No JTA platform available (set 'hibernate.transaction.jta.platform' to enable JTA platform integration)
2026-05-09T12:28:19.691+05:30 DEBUG 11360 --- [dateon] [main] org.hibernate.SQL                        : 
    set client_min_messages = WARNING
2026-05-09T12:28:19.698+05:30 DEBUG 11360 --- [dateon] [main] org.hibernate.SQL                        : 
    alter table if exists question 
       drop constraint if exists FK6r5ob15bgq8cdnksycug909p6
2026-05-09T12:28:19.717+05:30 DEBUG 11360 --- [dateon] [main] org.hibernate.SQL                        : 
    drop table if exists chat_message cascade
2026-05-09T12:28:19.743+05:30 DEBUG 11360 --- [dateon] [main] org.hibernate.SQL                        : 
    drop table if exists icebreakers cascade
2026-05-09T12:28:19.747+05:30 DEBUG 11360 --- [dateon] [main] org.hibernate.SQL                        : 
    drop table if exists question cascade
2026-05-09T12:28:19.753+05:30 DEBUG 11360 --- [dateon] [main] org.hibernate.SQL                        : 
    drop table if exists quiz_question cascade
2026-05-09T12:28:19.759+05:30 DEBUG 11360 --- [dateon] [main] org.hibernate.SQL                        : 
    drop table if exists user_forgot_pass cascade
2026-05-09T12:28:19.765+05:30 DEBUG 11360 --- [dateon] [main] org.hibernate.SQL                        : 
    drop table if exists users cascade
2026-05-09T12:28:19.775+05:30 DEBUG 11360 --- [dateon] [main] org.hibernate.SQL                        : 
    create table chat_message (
        recipient_id integer not null,
        sender_id integer not null,
        id bigint generated by default as identity,
        timestamp timestamp(6),
        content varchar(255),
        primary key (id)
    )
2026-05-09T12:28:19.861+05:30 DEBUG 11360 --- [dateon] [main] org.hibernate.SQL                        : 
    create table icebreakers (
        id bigint generated by default as identity,
        text varchar(255),
        primary key (id)
    )
2026-05-09T12:28:19.874+05:30 DEBUG 11360 --- [dateon] [main] org.hibernate.SQL                        : 
    create table question (
        id integer generated by default as identity,
        usr_id integer not null,
        answer_text varchar(255),
        question_text varchar(255),
        primary key (id)
    )
2026-05-09T12:28:19.881+05:30 DEBUG 11360 --- [dateon] [main] org.hibernate.SQL                        : 
    create table quiz_question (
        id integer generated by default as identity,
        options varchar(255),
        question_text varchar(255),
        primary key (id)
    )
2026-05-09T12:28:19.886+05:30 DEBUG 11360 --- [dateon] [main] org.hibernate.SQL                        : 
    create table user_forgot_pass (
        id integer generated by default as identity,
        created_at timestamp(6),
        mail varchar(255),
        temp_password varchar(255),
        primary key (id)
    )
2026-05-09T12:28:19.894+05:30 DEBUG 11360 --- [dateon] [main] org.hibernate.SQL                        : 
    create table users (
        age integer not null,
        compatibility_score float(53) not null,
        id integer generated by default as identity,
        is_paused boolean not null,
        "lock" boolean,
        loid integer not null,
        number float(53) not null,
        match_cooldown_until timestamp(6),
        match_time timestamp(6),
        ai_match varchar(255),
        answer_to_match_question varchar(255),
        bio varchar(255),
        custom_question varchar(255),
        dob varchar(255),
        fcm_token varchar(255),
        gender varchar(255),
        interests varchar(255),
        location varchar(255),
        mail varchar(255),
        name varchar(255),
        password varchar(255),
        past_matches TEXT,
        profile_picture_url TEXT,
        status varchar(255),
        workplace varchar(255),
        primary key (id)
    )
2026-05-09T12:28:19.903+05:30 DEBUG 11360 --- [dateon] [main] org.hibernate.SQL                        : 
    create index idx_chat_sender_recipient 
       on chat_message (sender_id, recipient_id)
2026-05-09T12:28:19.906+05:30 DEBUG 11360 --- [dateon] [main] org.hibernate.SQL                        : 
    create index idx_chat_recipient_sender 
       on chat_message (recipient_id, sender_id)
2026-05-09T12:28:19.910+05:30 DEBUG 11360 --- [dateon] [main] org.hibernate.SQL                        : 
    alter table if exists question 
       add constraint FK6r5ob15bgq8cdnksycug909p6 
       foreign key (usr_id) 
       references users
2026-05-09T12:28:19.934+05:30 DEBUG 11360 --- [dateon] [main] org.hibernate.SQL                        : INSERT INTO users (name, mail, number, gender, age, workplace, bio, location, compatibility_score, interests, "lock", password, loid, is_paused, custom_question) VALUES ('Akhil M', 'akhil@example.com', 9876543210, 'Male', 26, 'TechCorp', 'Loves coding and coffee', 'Kochi', 0.85, 'Coding,Reading,Travel', false, '$2a$10$dXJ3SW6G7P50lGmMkkmwe.20cQQubK3.HZWzG3YB1tlRy.fqvM/BG', 0, false, 'What''s your favorite way to spend a weekend?')
2026-05-09T12:28:19.940+05:30 DEBUG 11360 --- [dateon] [main] org.hibernate.SQL                        : INSERT INTO users (name, mail, number, gender, age, workplace, bio, location, compatibility_score, interests, "lock", password, loid, is_paused, custom_question) VALUES ('Salini', 'salini@example.com', 9876543211, 'Female', 24, 'DesignStudio', 'Creative soul', 'Kochi', 0.83, 'Art,Music,Design', false, '$2a$10$dXJ3SW6G7P50lGmMkkmwe.20cQQubK3.HZWzG3YB1tlRy.fqvM/BG', 0, false, 'If you could travel anywhere right now, where would you go?')
2026-05-09T12:28:19.941+05:30 DEBUG 11360 --- [dateon] [main] org.hibernate.SQL                        : INSERT INTO quiz_question (question_text, options) VALUES ('Do you believe in giving second chances?', 'Yes,No,Depends,Only once')
2026-05-09T12:28:19.943+05:30 DEBUG 11360 --- [dateon] [main] org.hibernate.SQL                        : INSERT INTO quiz_question (question_text, options) VALUES ('Can you be trusted with a secret?', 'Absolutely,Mostly,Depends,Hard for me')
2026-05-09T12:28:19.943+05:30 DEBUG 11360 --- [dateon] [main] org.hibernate.SQL                        : INSERT INTO quiz_question (question_text, options) VALUES ('Do you discuss personal issues with friends?', 'Yes always,Sometimes,Rarely,Never')
2026-05-09T12:28:19.944+05:30 DEBUG 11360 --- [dateon] [main] org.hibernate.SQL                        : INSERT INTO quiz_question (question_text, options) VALUES ('What is your favorite time of the day?', 'Morning,Afternoon,Evening,Late Night')
2026-05-09T12:28:19.945+05:30 DEBUG 11360 --- [dateon] [main] org.hibernate.SQL                        : INSERT INTO quiz_question (question_text, options) VALUES ('How do you usually handle fear?', 'Face it,Avoid it,Analyze it,Seek help')
2026-05-09T12:28:19.946+05:30 DEBUG 11360 --- [dateon] [main] org.hibernate.SQL                        : INSERT INTO quiz_question (question_text, options) VALUES ('What do you value most in a partner?', 'Trust,Humor,Loyalty,Intelligence')
2026-05-09T12:28:19.948+05:30 DEBUG 11360 --- [dateon] [main] org.hibernate.SQL                        : INSERT INTO quiz_question (question_text, options) VALUES ('How do you express affection?', 'Words,Gifts,Helping,Touch')
2026-05-09T12:28:19.948+05:30 DEBUG 11360 --- [dateon] [main] org.hibernate.SQL                        : INSERT INTO quiz_question (question_text, options) VALUES ('Are you more logical or emotional?', 'Logical,Emotional,Both,Depends')
2026-05-09T12:28:19.949+05:30 DEBUG 11360 --- [dateon] [main] org.hibernate.SQL                        : INSERT INTO quiz_question (question_text, options) VALUES ('How do you handle conflict?', 'Talk it out,Cool off first,Avoid it,Compromise')
2026-05-09T12:28:19.950+05:30 DEBUG 11360 --- [dateon] [main] org.hibernate.SQL                        : INSERT INTO quiz_question (question_text, options) VALUES ('Introvert or Extrovert?', 'Introvert,Extrovert,Ambivert,Confused')
2026-05-09T12:28:19.951+05:30 DEBUG 11360 --- [dateon] [main] org.hibernate.SQL                        : INSERT INTO quiz_question (question_text, options) VALUES ('What makes you lose interest?', 'Bad hygiene,Rudeness,Boredom,Clinginess')
2026-05-09T12:28:19.952+05:30 DEBUG 11360 --- [dateon] [main] org.hibernate.SQL                        : INSERT INTO quiz_question (question_text, options) VALUES ('What are you most passionate about?', 'Career,Hobbies,Family,Causes')
2026-05-09T12:28:19.952+05:30 DEBUG 11360 --- [dateon] [main] org.hibernate.SQL                        : INSERT INTO quiz_question (question_text, options) VALUES ('Movie genre?', 'Action,Comedy,Drama,Sci-Fi')
2026-05-09T12:28:19.954+05:30 DEBUG 11360 --- [dateon] [main] org.hibernate.SQL                        : INSERT INTO quiz_question (question_text, options) VALUES ('Cooking skill level?', 'MasterChef,Decent,Can boil water,Disaster')
2026-05-09T12:28:19.955+05:30 DEBUG 11360 --- [dateon] [main] org.hibernate.SQL                        : INSERT INTO quiz_question (question_text, options) VALUES ('Do you believe in soulmates?', 'Yes,No,Maybe,Romantic notion')
2026-05-09T12:28:19.956+05:30 DEBUG 11360 --- [dateon] [main] org.hibernate.SQL                        : INSERT INTO icebreakers (text) VALUES (' Hi! How''s your week going?')
2026-05-09T12:28:19.958+05:30 DEBUG 11360 --- [dateon] [main] org.hibernate.SQL                        : INSERT INTO icebreakers (text) VALUES (' What''s your favorite travel destination?')
2026-05-09T12:28:19.959+05:30 DEBUG 11360 --- [dateon] [main] org.hibernate.SQL                        : INSERT INTO icebreakers (text) VALUES (' Start any good shows lately?')
2026-05-09T12:28:19.959+05:30 DEBUG 11360 --- [dateon] [main] org.hibernate.SQL                        : INSERT INTO icebreakers (text) VALUES (' Tacos or Sushi?')
2026-05-09T12:28:19.960+05:30 DEBUG 11360 --- [dateon] [main] org.hibernate.SQL                        : INSERT INTO icebreakers (text) VALUES (' Cats or Dogs?')
2026-05-09T12:28:19.960+05:30 DEBUG 11360 --- [dateon] [main] org.hibernate.SQL                        : INSERT INTO icebreakers (text) VALUES (' All-time favorite movie?')
2026-05-09T12:28:19.960+05:30 DEBUG 11360 --- [dateon] [main] org.hibernate.SQL                        : INSERT INTO icebreakers (text) VALUES (' Beach or Mountains?')
2026-05-09T12:28:19.963+05:30  INFO 11360 --- [dateon] [main] j.LocalContainerEntityManagerFactoryBean : Initialized JPA EntityManagerFactory for persistence unit 'default'
2026-05-09T12:28:20.706+05:30  INFO 11360 --- [dateon] [main] o.s.d.j.r.query.QueryEnhancerFactory     : Hibernate is in classpath; If applicable, HQL parser will be used.
2026-05-09T12:28:22.426+05:30  INFO 11360 --- [dateon] [main] eAuthenticationProviderManagerConfigurer : Global AuthenticationManager configured with AuthenticationProvider bean with name authenticationProvider
2026-05-09T12:28:22.427+05:30  WARN 11360 --- [dateon] [main] r$InitializeUserDetailsManagerConfigurer : Global AuthenticationManager configured with an AuthenticationProvider bean. UserDetailsService beans will not be used by Spring Security for automatically configuring username/password login. Consider removing the AuthenticationProvider bean. Alternatively, consider using the UserDetailsService in a manually instantiated DaoAuthenticationProvider. If the current configuration is intentional, to turn off this warning, increase the logging level of 'org.springframework.security.config.annotation.authentication.configuration.InitializeUserDetailsBeanManagerConfigurer' to ERROR
2026-05-09T12:28:22.514+05:30  WARN 11360 --- [dateon] [main] JpaBaseConfiguration$JpaWebConfiguration : spring.jpa.open-in-view is enabled by default. Therefore, database queries may be performed during view rendering. Explicitly configure spring.jpa.open-in-view to disable this warning
2026-05-09T12:28:22.618+05:30 DEBUG 11360 --- [dateon] [main] o.s.w.s.s.s.WebSocketHandlerMapping      : Patterns [/ws/**, /ws] in 'stompWebSocketHandlerMapping'
2026-05-09T12:28:22.733+05:30 DEBUG 11360 --- [dateon] [main] s.w.s.m.m.a.RequestMappingHandlerMapping : 22 mappings in 'requestMappingHandlerMapping'
2026-05-09T12:28:22.812+05:30 DEBUG 11360 --- [dateon] [main] o.s.w.s.handler.SimpleUrlHandlerMapping  : Patterns [/webjars/**, /**] in 'resourceHandlerMapping'
2026-05-09T12:28:22.979+05:30  INFO 11360 --- [dateon] [main] o.s.b.a.e.web.EndpointLinksResolver      : Exposing 3 endpoints beneath base path '/actuator'
2026-05-09T12:28:23.271+05:30 DEBUG 11360 --- [dateon] [main] .WebSocketAnnotationMethodMessageHandler : 
	c.e.d.C.ChatController:
	{[MESSAGE],[/chat]}: processMessage(ChatMessage)
2026-05-09T12:28:23.271+05:30 DEBUG 11360 --- [dateon] [main] .WebSocketAnnotationMethodMessageHandler : 
	c.e.d.C.IceBreakerController:
	
2026-05-09T12:28:23.272+05:30 DEBUG 11360 --- [dateon] [main] .WebSocketAnnotationMethodMessageHandler : 
	c.e.d.C.QuestionController:
	
2026-05-09T12:28:23.272+05:30 DEBUG 11360 --- [dateon] [main] .WebSocketAnnotationMethodMessageHandler : 
	c.e.d.C.QuizController:
	
2026-05-09T12:28:23.272+05:30 DEBUG 11360 --- [dateon] [main] .WebSocketAnnotationMethodMessageHandler : 
	c.e.d.C.UserController:
	
2026-05-09T12:28:23.272+05:30 DEBUG 11360 --- [dateon] [main] .WebSocketAnnotationMethodMessageHandler : 
	c.e.d.C.Welcome:
	
2026-05-09T12:28:23.272+05:30 DEBUG 11360 --- [dateon] [main] .WebSocketAnnotationMethodMessageHandler : 
	o.s.b.a.w.s.e.BasicErrorController:
	
2026-05-09T12:28:23.359+05:30 DEBUG 11360 --- [dateon] [main] s.w.s.m.m.a.RequestMappingHandlerAdapter : ControllerAdvice beans: 0 @ModelAttribute, 0 @InitBinder, 1 RequestBodyAdvice, 1 ResponseBodyAdvice
2026-05-09T12:28:23.427+05:30 DEBUG 11360 --- [dateon] [main] .m.m.a.ExceptionHandlerExceptionResolver : ControllerAdvice beans: 0 @ExceptionHandler, 1 ResponseBodyAdvice
2026-05-09T12:28:23.999+05:30 DEBUG 11360 --- [dateon] [main] org.springframework.web.SimpLogging      : clientOutboundChannel added SubProtocolWebSocketHandler[StompSubProtocolHandler[v10.stomp, v11.stomp, v12.stomp]]
2026-05-09T12:28:23.999+05:30 DEBUG 11360 --- [dateon] [main] org.springframework.web.SimpLogging      : clientInboundChannel added WebSocketAnnotationMethodMessageHandler[prefixes=[/app/]]
2026-05-09T12:28:24.000+05:30  INFO 11360 --- [dateon] [main] o.s.m.s.b.SimpleBrokerMessageHandler     : Starting...
2026-05-09T12:28:24.000+05:30 DEBUG 11360 --- [dateon] [main] org.springframework.web.SimpLogging      : clientInboundChannel added SimpleBrokerMessageHandler [org.springframework.messaging.simp.broker.DefaultSubscriptionRegistry@2de83c2c]
2026-05-09T12:28:24.000+05:30 DEBUG 11360 --- [dateon] [main] org.springframework.web.SimpLogging      : brokerChannel added SimpleBrokerMessageHandler [org.springframework.messaging.simp.broker.DefaultSubscriptionRegistry@2de83c2c]
2026-05-09T12:28:24.001+05:30  INFO 11360 --- [dateon] [main] o.s.m.s.b.SimpleBrokerMessageHandler     : BrokerAvailabilityEvent[available=true, SimpleBrokerMessageHandler [org.springframework.messaging.simp.broker.DefaultSubscriptionRegistry@2de83c2c]]
2026-05-09T12:28:24.003+05:30  INFO 11360 --- [dateon] [main] o.s.m.s.b.SimpleBrokerMessageHandler     : Started.
2026-05-09T12:28:24.003+05:30 DEBUG 11360 --- [dateon] [main] org.springframework.web.SimpLogging      : clientInboundChannel added UserDestinationMessageHandler[DefaultUserDestinationResolver[prefix=/user/]]
2026-05-09T12:28:24.003+05:30 DEBUG 11360 --- [dateon] [main] org.springframework.web.SimpLogging      : brokerChannel added UserDestinationMessageHandler[DefaultUserDestinationResolver[prefix=/user/]]
2026-05-09T12:28:24.022+05:30  INFO 11360 --- [dateon] [main] o.s.b.w.embedded.tomcat.TomcatWebServer  : Tomcat started on port 8080 (http) with context path '/'
2026-05-09T12:28:24.088+05:30  INFO 11360 --- [dateon] [main] o.a.k.clients.consumer.ConsumerConfig    : ConsumerConfig values: 
	allow.auto.create.topics = true
	auto.commit.interval.ms = 1000
	auto.include.jmx.reporter = true
	auto.offset.reset = latest
	bootstrap.servers = [localhost:9092]
	check.crcs = true
	client.dns.lookup = use_all_dns_ips
	client.id = consumer-compatable-group-1
	client.rack = 
	connections.max.idle.ms = 540000
	default.api.timeout.ms = 60000
	enable.auto.commit = true
	enable.metrics.push = true
	exclude.internal.topics = true
	fetch.max.bytes = 52428800
	fetch.max.wait.ms = 500
	fetch.min.bytes = 1
	group.id = compatable-group
	group.instance.id = null
	group.protocol = classic
	group.remote.assignor = null
	heartbeat.interval.ms = 3000
	interceptor.classes = []
	internal.leave.group.on.close = true
	internal.throw.on.fetch.stable.offset.unsupported = false
	isolation.level = read_uncommitted
	key.deserializer = class org.apache.kafka.common.serialization.StringDeserializer
	max.partition.fetch.bytes = 1048576
	max.poll.interval.ms = 300000
	max.poll.records = 500
	metadata.max.age.ms = 300000
	metadata.recovery.strategy = none
	metric.reporters = []
	metrics.num.samples = 2
	metrics.recording.level = INFO
	metrics.sample.window.ms = 30000
	partition.assignment.strategy = [class org.apache.kafka.clients.consumer.RangeAssignor, class org.apache.kafka.clients.consumer.CooperativeStickyAssignor]
	receive.buffer.bytes = 65536
	reconnect.backoff.max.ms = 1000
	reconnect.backoff.ms = 50
	request.timeout.ms = 30000
	retry.backoff.max.ms = 1000
	retry.backoff.ms = 100
	sasl.client.callback.handler.class = null
	sasl.jaas.config = null
	sasl.kerberos.kinit.cmd = /usr/bin/kinit
	sasl.kerberos.min.time.before.relogin = 60000
	sasl.kerberos.service.name = null
	sasl.kerberos.ticket.renew.jitter = 0.05
	sasl.kerberos.ticket.renew.window.factor = 0.8
	sasl.login.callback.handler.class = null
	sasl.login.class = null
	sasl.login.connect.timeout.ms = null
	sasl.login.read.timeout.ms = null
	sasl.login.refresh.buffer.seconds = 300
	sasl.login.refresh.min.period.seconds = 60
	sasl.login.refresh.window.factor = 0.8
	sasl.login.refresh.window.jitter = 0.05
	sasl.login.retry.backoff.max.ms = 10000
	sasl.login.retry.backoff.ms = 100
	sasl.mechanism = GSSAPI
	sasl.oauthbearer.clock.skew.seconds = 30
	sasl.oauthbearer.expected.audience = null
	sasl.oauthbearer.expected.issuer = null
	sasl.oauthbearer.header.urlencode = false
	sasl.oauthbearer.jwks.endpoint.refresh.ms = 3600000
	sasl.oauthbearer.jwks.endpoint.retry.backoff.max.ms = 10000
	sasl.oauthbearer.jwks.endpoint.retry.backoff.ms = 100
	sasl.oauthbearer.jwks.endpoint.url = null
	sasl.oauthbearer.scope.claim.name = scope
	sasl.oauthbearer.sub.claim.name = sub
	sasl.oauthbearer.token.endpoint.url = null
	security.protocol = PLAINTEXT
	security.providers = null
	send.buffer.bytes = 131072
	session.timeout.ms = 45000
	socket.connection.setup.timeout.max.ms = 30000
	socket.connection.setup.timeout.ms = 10000
	ssl.cipher.suites = null
	ssl.enabled.protocols = [TLSv1.2, TLSv1.3]
	ssl.endpoint.identification.algorithm = https
	ssl.engine.factory.class = null
	ssl.key.password = null
	ssl.keymanager.algorithm = SunX509
	ssl.keystore.certificate.chain = null
	ssl.keystore.key = null
	ssl.keystore.location = null
	ssl.keystore.password = null
	ssl.keystore.type = JKS
	ssl.protocol = TLSv1.3
	ssl.provider = null
	ssl.secure.random.implementation = null
	ssl.trustmanager.algorithm = PKIX
	ssl.truststore.certificates = null
	ssl.truststore.location = null
	ssl.truststore.password = null
	ssl.truststore.type = JKS
	value.deserializer = class org.springframework.kafka.support.serializer.JsonDeserializer

2026-05-09T12:28:24.241+05:30  INFO 11360 --- [dateon] [main] o.a.k.c.t.i.KafkaMetricsCollector        : initializing Kafka metrics collector
2026-05-09T12:28:24.541+05:30  INFO 11360 --- [dateon] [main] o.a.kafka.common.utils.AppInfoParser     : Kafka version: 3.9.1
2026-05-09T12:28:24.541+05:30  INFO 11360 --- [dateon] [main] o.a.kafka.common.utils.AppInfoParser     : Kafka commitId: f745dfdcee2b9851
2026-05-09T12:28:24.541+05:30  INFO 11360 --- [dateon] [main] o.a.kafka.common.utils.AppInfoParser     : Kafka startTimeMs: 1778309904538
2026-05-09T12:28:24.563+05:30  INFO 11360 --- [dateon] [main] o.a.k.c.c.i.ClassicKafkaConsumer         : [Consumer clientId=consumer-compatable-group-1, groupId=compatable-group] Subscribed to topic(s): compatable
2026-05-09T12:28:24.577+05:30  INFO 11360 --- [dateon] [main] o.a.k.clients.consumer.ConsumerConfig    : ConsumerConfig values: 
	allow.auto.create.topics = true
	auto.commit.interval.ms = 1000
	auto.include.jmx.reporter = true
	auto.offset.reset = latest
	bootstrap.servers = [localhost:9092]
	check.crcs = true
	client.dns.lookup = use_all_dns_ips
	client.id = consumer-free-user-group-2
	client.rack = 
	connections.max.idle.ms = 540000
	default.api.timeout.ms = 60000
	enable.auto.commit = true
	enable.metrics.push = true
	exclude.internal.topics = true
	fetch.max.bytes = 52428800
	fetch.max.wait.ms = 500
	fetch.min.bytes = 1
	group.id = free-user-group
	group.instance.id = null
	group.protocol = classic
	group.remote.assignor = null
	heartbeat.interval.ms = 3000
	interceptor.classes = []
	internal.leave.group.on.close = true
	internal.throw.on.fetch.stable.offset.unsupported = false
	isolation.level = read_uncommitted
	key.deserializer = class org.apache.kafka.common.serialization.StringDeserializer
	max.partition.fetch.bytes = 1048576
	max.poll.interval.ms = 300000
	max.poll.records = 500
	metadata.max.age.ms = 300000
	metadata.recovery.strategy = none
	metric.reporters = []
	metrics.num.samples = 2
	metrics.recording.level = INFO
	metrics.sample.window.ms = 30000
	partition.assignment.strategy = [class org.apache.kafka.clients.consumer.RangeAssignor, class org.apache.kafka.clients.consumer.CooperativeStickyAssignor]
	receive.buffer.bytes = 65536
	reconnect.backoff.max.ms = 1000
	reconnect.backoff.ms = 50
	request.timeout.ms = 30000
	retry.backoff.max.ms = 1000
	retry.backoff.ms = 100
	sasl.client.callback.handler.class = null
	sasl.jaas.config = null
	sasl.kerberos.kinit.cmd = /usr/bin/kinit
	sasl.kerberos.min.time.before.relogin = 60000
	sasl.kerberos.service.name = null
	sasl.kerberos.ticket.renew.jitter = 0.05
	sasl.kerberos.ticket.renew.window.factor = 0.8
	sasl.login.callback.handler.class = null
	sasl.login.class = null
	sasl.login.connect.timeout.ms = null
	sasl.login.read.timeout.ms = null
	sasl.login.refresh.buffer.seconds = 300
	sasl.login.refresh.min.period.seconds = 60
	sasl.login.refresh.window.factor = 0.8
	sasl.login.refresh.window.jitter = 0.05
	sasl.login.retry.backoff.max.ms = 10000
	sasl.login.retry.backoff.ms = 100
	sasl.mechanism = GSSAPI
	sasl.oauthbearer.clock.skew.seconds = 30
	sasl.oauthbearer.expected.audience = null
	sasl.oauthbearer.expected.issuer = null
	sasl.oauthbearer.header.urlencode = false
	sasl.oauthbearer.jwks.endpoint.refresh.ms = 3600000
	sasl.oauthbearer.jwks.endpoint.retry.backoff.max.ms = 10000
	sasl.oauthbearer.jwks.endpoint.retry.backoff.ms = 100
	sasl.oauthbearer.jwks.endpoint.url = null
	sasl.oauthbearer.scope.claim.name = scope
	sasl.oauthbearer.sub.claim.name = sub
	sasl.oauthbearer.token.endpoint.url = null
	security.protocol = PLAINTEXT
	security.providers = null
	send.buffer.bytes = 131072
	session.timeout.ms = 45000
	socket.connection.setup.timeout.max.ms = 30000
	socket.connection.setup.timeout.ms = 10000
	ssl.cipher.suites = null
	ssl.enabled.protocols = [TLSv1.2, TLSv1.3]
	ssl.endpoint.identification.algorithm = https
	ssl.engine.factory.class = null
	ssl.key.password = null
	ssl.keymanager.algorithm = SunX509
	ssl.keystore.certificate.chain = null
	ssl.keystore.key = null
	ssl.keystore.location = null
	ssl.keystore.password = null
	ssl.keystore.type = JKS
	ssl.protocol = TLSv1.3
	ssl.provider = null
	ssl.secure.random.implementation = null
	ssl.trustmanager.algorithm = PKIX
	ssl.truststore.certificates = null
	ssl.truststore.location = null
	ssl.truststore.password = null
	ssl.truststore.type = JKS
	value.deserializer = class org.springframework.kafka.support.serializer.JsonDeserializer

2026-05-09T12:28:24.577+05:30  INFO 11360 --- [dateon] [main] o.a.k.c.t.i.KafkaMetricsCollector        : initializing Kafka metrics collector
2026-05-09T12:28:24.588+05:30  INFO 11360 --- [dateon] [main] o.a.kafka.common.utils.AppInfoParser     : Kafka version: 3.9.1
2026-05-09T12:28:24.588+05:30  INFO 11360 --- [dateon] [main] o.a.kafka.common.utils.AppInfoParser     : Kafka commitId: f745dfdcee2b9851
2026-05-09T12:28:24.588+05:30  INFO 11360 --- [dateon] [main] o.a.kafka.common.utils.AppInfoParser     : Kafka startTimeMs: 1778309904588
2026-05-09T12:28:24.594+05:30  INFO 11360 --- [dateon] [main] o.a.k.c.c.i.ClassicKafkaConsumer         : [Consumer clientId=consumer-free-user-group-2, groupId=free-user-group] Subscribed to topic(s): Free_user
2026-05-09T12:28:24.615+05:30  INFO 11360 --- [dateon] [main] com.example.dateon.DateonApplication     : Started DateonApplication in 12.466 seconds (process running for 14.531)
2026-05-09T12:28:25.348+05:30  INFO 11360 --- [dateon] [org.springframework.kafka.KafkaListenerEndpointContainer#0-0-C-1] org.apache.kafka.clients.Metadata        : [Consumer clientId=consumer-compatable-group-1, groupId=compatable-group] Cluster ID: 5L6g3nShT-eMCtK--X86sw
2026-05-09T12:28:25.348+05:30  INFO 11360 --- [dateon] [org.springframework.kafka.KafkaListenerEndpointContainer#1-0-C-1] org.apache.kafka.clients.Metadata        : [Consumer clientId=consumer-free-user-group-2, groupId=free-user-group] Cluster ID: 5L6g3nShT-eMCtK--X86sw
2026-05-09T12:28:25.349+05:30  INFO 11360 --- [dateon] [org.springframework.kafka.KafkaListenerEndpointContainer#0-0-C-1] o.a.k.c.c.internals.ConsumerCoordinator  : [Consumer clientId=consumer-compatable-group-1, groupId=compatable-group] Discovered group coordinator localhost:9092 (id: 2147483646 rack: null)
2026-05-09T12:28:25.349+05:30  INFO 11360 --- [dateon] [org.springframework.kafka.KafkaListenerEndpointContainer#1-0-C-1] o.a.k.c.c.internals.ConsumerCoordinator  : [Consumer clientId=consumer-free-user-group-2, groupId=free-user-group] Discovered group coordinator localhost:9092 (id: 2147483646 rack: null)
2026-05-09T12:28:25.360+05:30  INFO 11360 --- [dateon] [org.springframework.kafka.KafkaListenerEndpointContainer#1-0-C-1] o.a.k.c.c.internals.ConsumerCoordinator  : [Consumer clientId=consumer-free-user-group-2, groupId=free-user-group] (Re-)joining group
2026-05-09T12:28:25.360+05:30  INFO 11360 --- [dateon] [org.springframework.kafka.KafkaListenerEndpointContainer#0-0-C-1] o.a.k.c.c.internals.ConsumerCoordinator  : [Consumer clientId=consumer-compatable-group-1, groupId=compatable-group] (Re-)joining group
2026-05-09T12:28:25.398+05:30  INFO 11360 --- [dateon] [org.springframework.kafka.KafkaListenerEndpointContainer#0-0-C-1] o.a.k.c.c.internals.ConsumerCoordinator  : [Consumer clientId=consumer-compatable-group-1, groupId=compatable-group] Request joining group due to: need to re-join with the given member-id: consumer-compatable-group-1-5b023b52-b33b-448d-bce3-1c5a6a423793
2026-05-09T12:28:25.398+05:30  INFO 11360 --- [dateon] [org.springframework.kafka.KafkaListenerEndpointContainer#1-0-C-1] o.a.k.c.c.internals.ConsumerCoordinator  : [Consumer clientId=consumer-free-user-group-2, groupId=free-user-group] Request joining group due to: need to re-join with the given member-id: consumer-free-user-group-2-4d7c7f14-0928-423a-9bed-2cf209589e53
2026-05-09T12:28:25.398+05:30  INFO 11360 --- [dateon] [org.springframework.kafka.KafkaListenerEndpointContainer#0-0-C-1] o.a.k.c.c.internals.ConsumerCoordinator  : [Consumer clientId=consumer-compatable-group-1, groupId=compatable-group] (Re-)joining group
2026-05-09T12:28:25.398+05:30  INFO 11360 --- [dateon] [org.springframework.kafka.KafkaListenerEndpointContainer#1-0-C-1] o.a.k.c.c.internals.ConsumerCoordinator  : [Consumer clientId=consumer-free-user-group-2, groupId=free-user-group] (Re-)joining group
2026-05-09T12:28:28.404+05:30  INFO 11360 --- [dateon] [org.springframework.kafka.KafkaListenerEndpointContainer#0-0-C-1] o.a.k.c.c.internals.ConsumerCoordinator  : [Consumer clientId=consumer-compatable-group-1, groupId=compatable-group] Successfully joined group with generation Generation{generationId=44, memberId='consumer-compatable-group-1-5b023b52-b33b-448d-bce3-1c5a6a423793', protocol='range'}
2026-05-09T12:28:28.404+05:30  INFO 11360 --- [dateon] [org.springframework.kafka.KafkaListenerEndpointContainer#1-0-C-1] o.a.k.c.c.internals.ConsumerCoordinator  : [Consumer clientId=consumer-free-user-group-2, groupId=free-user-group] Successfully joined group with generation Generation{generationId=40, memberId='consumer-free-user-group-2-4d7c7f14-0928-423a-9bed-2cf209589e53', protocol='range'}
2026-05-09T12:28:28.417+05:30  INFO 11360 --- [dateon] [org.springframework.kafka.KafkaListenerEndpointContainer#1-0-C-1] o.a.k.c.c.internals.ConsumerCoordinator  : [Consumer clientId=consumer-free-user-group-2, groupId=free-user-group] Finished assignment for group at generation 40: {consumer-free-user-group-2-4d7c7f14-0928-423a-9bed-2cf209589e53=Assignment(partitions=[Free_user-0])}
2026-05-09T12:28:28.417+05:30  INFO 11360 --- [dateon] [org.springframework.kafka.KafkaListenerEndpointContainer#0-0-C-1] o.a.k.c.c.internals.ConsumerCoordinator  : [Consumer clientId=consumer-compatable-group-1, groupId=compatable-group] Finished assignment for group at generation 44: {consumer-compatable-group-1-5b023b52-b33b-448d-bce3-1c5a6a423793=Assignment(partitions=[compatable-0])}
2026-05-09T12:28:28.433+05:30  INFO 11360 --- [dateon] [org.springframework.kafka.KafkaListenerEndpointContainer#0-0-C-1] o.a.k.c.c.internals.ConsumerCoordinator  : [Consumer clientId=consumer-compatable-group-1, groupId=compatable-group] Successfully synced group in generation Generation{generationId=44, memberId='consumer-compatable-group-1-5b023b52-b33b-448d-bce3-1c5a6a423793', protocol='range'}
2026-05-09T12:28:28.433+05:30  INFO 11360 --- [dateon] [org.springframework.kafka.KafkaListenerEndpointContainer#1-0-C-1] o.a.k.c.c.internals.ConsumerCoordinator  : [Consumer clientId=consumer-free-user-group-2, groupId=free-user-group] Successfully synced group in generation Generation{generationId=40, memberId='consumer-free-user-group-2-4d7c7f14-0928-423a-9bed-2cf209589e53', protocol='range'}
2026-05-09T12:28:28.433+05:30  INFO 11360 --- [dateon] [org.springframework.kafka.KafkaListenerEndpointContainer#0-0-C-1] o.a.k.c.c.internals.ConsumerCoordinator  : [Consumer clientId=consumer-compatable-group-1, groupId=compatable-group] Notifying assignor about the new Assignment(partitions=[compatable-0])
2026-05-09T12:28:28.433+05:30  INFO 11360 --- [dateon] [org.springframework.kafka.KafkaListenerEndpointContainer#1-0-C-1] o.a.k.c.c.internals.ConsumerCoordinator  : [Consumer clientId=consumer-free-user-group-2, groupId=free-user-group] Notifying assignor about the new Assignment(partitions=[Free_user-0])
2026-05-09T12:28:28.445+05:30  INFO 11360 --- [dateon] [org.springframework.kafka.KafkaListenerEndpointContainer#1-0-C-1] k.c.c.i.ConsumerRebalanceListenerInvoker : [Consumer clientId=consumer-free-user-group-2, groupId=free-user-group] Adding newly assigned partitions: Free_user-0
2026-05-09T12:28:28.445+05:30  INFO 11360 --- [dateon] [org.springframework.kafka.KafkaListenerEndpointContainer#0-0-C-1] k.c.c.i.ConsumerRebalanceListenerInvoker : [Consumer clientId=consumer-compatable-group-1, groupId=compatable-group] Adding newly assigned partitions: compatable-0
2026-05-09T12:28:28.470+05:30  INFO 11360 --- [dateon] [org.springframework.kafka.KafkaListenerEndpointContainer#0-0-C-1] o.a.k.c.c.internals.ConsumerUtils        : Setting offset for partition compatable-0 to the committed offset FetchPosition{offset=3375, offsetEpoch=Optional[44], currentLeader=LeaderAndEpoch{leader=Optional[localhost:9092 (id: 1 rack: null)], epoch=46}}
2026-05-09T12:28:28.470+05:30  INFO 11360 --- [dateon] [org.springframework.kafka.KafkaListenerEndpointContainer#1-0-C-1] o.a.k.c.c.internals.ConsumerUtils        : Setting offset for partition Free_user-0 to the committed offset FetchPosition{offset=63, offsetEpoch=Optional[44], currentLeader=LeaderAndEpoch{leader=Optional[localhost:9092 (id: 1 rack: null)], epoch=46}}
2026-05-09T12:28:28.509+05:30  INFO 11360 --- [dateon] [org.springframework.kafka.KafkaListenerEndpointContainer#1-0-C-1] o.s.k.l.KafkaMessageListenerContainer    : free-user-group: partitions assigned: [Free_user-0]
2026-05-09T12:28:28.509+05:30  INFO 11360 --- [dateon] [org.springframework.kafka.KafkaListenerEndpointContainer#0-0-C-1] o.s.k.l.KafkaMessageListenerContainer    : compatable-group: partitions assigned: [compatable-0]
2026-05-09T12:28:28.564+05:30  INFO 11360 --- [dateon] [org.springframework.kafka.KafkaListenerEndpointContainer#0-0-C-1] o.a.k.c.c.internals.FetchCollector       : [Consumer clientId=consumer-compatable-group-1, groupId=compatable-group] Fetch position FetchPosition{offset=3375, offsetEpoch=Optional[44], currentLeader=LeaderAndEpoch{leader=Optional[localhost:9092 (id: 1 rack: null)], epoch=46}} is out of range for partition compatable-0, resetting offset
2026-05-09T12:28:28.583+05:30  INFO 11360 --- [dateon] [org.springframework.kafka.KafkaListenerEndpointContainer#0-0-C-1] o.a.k.c.c.internals.SubscriptionState    : [Consumer clientId=consumer-compatable-group-1, groupId=compatable-group] Resetting offset for partition compatable-0 to position FetchPosition{offset=3376, offsetEpoch=Optional.empty, currentLeader=LeaderAndEpoch{leader=Optional[localhost:9092 (id: 1 rack: null)], epoch=46}}.
2026-05-09T12:29:23.891+05:30  INFO 11360 --- [dateon] [MessageBroker-1] o.s.w.s.c.WebSocketMessageBrokerStats    : WebSocketSession[0 current WS(0)-HttpStream(0)-HttpPoll(0), 0 total, 0 closed abnormally (0 connect failure, 0 send limit, 0 transport error)], stompSubProtocol[processed CONNECT(0)-CONNECTED(0)-DISCONNECT(0)], stompBrokerRelay[null], inboundChannel[pool size = 0, active threads = 0, queued tasks = 0, completed tasks = 0], outboundChannel[pool size = 0, active threads = 0, queued tasks = 0, completed tasks = 0], sockJsScheduler[pool size = 1, active threads = 1, queued tasks = 0, completed tasks = 0]
2026-05-09T12:44:11.193+05:30  INFO 11360 --- [dateon] [http-nio-8080-exec-1] o.a.c.c.C.[Tomcat].[localhost].[/]       : Initializing Spring DispatcherServlet 'dispatcherServlet'
2026-05-09T12:44:11.200+05:30  INFO 11360 --- [dateon] [http-nio-8080-exec-1] o.s.web.servlet.DispatcherServlet        : Initializing Servlet 'dispatcherServlet'
2026-05-09T12:44:11.214+05:30 DEBUG 11360 --- [dateon] [http-nio-8080-exec-1] o.s.web.servlet.DispatcherServlet        : Detected StandardServletMultipartResolver
2026-05-09T12:44:11.216+05:30 DEBUG 11360 --- [dateon] [http-nio-8080-exec-1] o.s.web.servlet.DispatcherServlet        : Detected AcceptHeaderLocaleResolver
2026-05-09T12:44:11.218+05:30 DEBUG 11360 --- [dateon] [http-nio-8080-exec-1] o.s.web.servlet.DispatcherServlet        : Detected FixedThemeResolver
2026-05-09T12:44:11.271+05:30 DEBUG 11360 --- [dateon] [http-nio-8080-exec-1] o.s.web.servlet.DispatcherServlet        : Detected org.springframework.web.servlet.view.DefaultRequestToViewNameTranslator@1cad885b
2026-05-09T12:44:11.276+05:30 DEBUG 11360 --- [dateon] [http-nio-8080-exec-1] o.s.web.servlet.DispatcherServlet        : Detected org.springframework.web.servlet.support.SessionFlashMapManager@20a7dc29
2026-05-09T12:44:11.278+05:30 DEBUG 11360 --- [dateon] [http-nio-8080-exec-1] o.s.web.servlet.DispatcherServlet        : enableLoggingRequestDetails='false': request parameters and headers will be masked to prevent unsafe logging of potentially sensitive data
2026-05-09T12:44:11.280+05:30  INFO 11360 --- [dateon] [http-nio-8080-exec-1] o.s.web.servlet.DispatcherServlet        : Completed initialization in 79 ms
2026-05-09T12:44:11.764+05:30 DEBUG 11360 --- [dateon] [http-nio-8080-exec-1] o.s.web.servlet.DispatcherServlet        : POST "/user/login", parameters={}
2026-05-09T12:44:11.773+05:30 DEBUG 11360 --- [dateon] [http-nio-8080-exec-1] s.w.s.m.m.a.RequestMappingHandlerMapping : Mapped to com.example.dateon.Controllers.UserController#login(Users)
2026-05-09T12:44:12.420+05:30 DEBUG 11360 --- [dateon] [http-nio-8080-exec-1] m.m.a.RequestResponseBodyMethodProcessor : Read "application/json;charset=UTF-8" to [Users(id=0, loid=0, name=null, mail=akhil@example.com, number=0.0, gender=null, dob=null, age=0, wor (truncated)...]
2026-05-09T12:44:13.040+05:30  INFO 11360 --- [dateon] [http-nio-8080-exec-1] c.example.dateon.Aspect.LoggingAspect    : [METHOD-CALL] Entering method: com.example.dateon.Service.MyUserDetailsService.loadUserByUsername() with arguments = [akhil@example.com]
2026-05-09T12:44:13.410+05:30 DEBUG 11360 --- [dateon] [http-nio-8080-exec-1] org.hibernate.SQL                        : 
    select
        u1_0.id,
        u1_0.age,
        u1_0.ai_match,
        u1_0.answer_to_match_question,
        u1_0.bio,
        u1_0.compatibility_score,
        u1_0.custom_question,
        u1_0.dob,
        u1_0.fcm_token,
        u1_0.gender,
        u1_0.interests,
        u1_0.is_paused,
        u1_0.location,
        u1_0."lock",
        u1_0.loid,
        u1_0.mail,
        u1_0.match_cooldown_until,
        u1_0.match_time,
        u1_0.name,
        u1_0.number,
        u1_0.password,
        u1_0.past_matches,
        u1_0.profile_picture_url,
        u1_0.status,
        u1_0.workplace 
    from
        users u1_0 
    where
        u1_0.mail=?
2026-05-09T12:44:13.684+05:30  INFO 11360 --- [dateon] [http-nio-8080-exec-1] c.example.dateon.Aspect.LoggingAspect    : [METHOD-RETURN] Exiting method: com.example.dateon.Service.MyUserDetailsService.loadUserByUsername() with result = com.example.dateon.Models.UserPrincipal@2cfddc7e
2026-05-09T12:44:13.897+05:30  INFO 11360 --- [dateon] [http-nio-8080-exec-1] c.example.dateon.Aspect.LoggingAspect    : [METHOD-CALL] Entering method: com.example.dateon.Service.JwtService.generateToken() with arguments = [akhil@example.com]
2026-05-09T12:44:14.237+05:30  INFO 11360 --- [dateon] [http-nio-8080-exec-1] c.example.dateon.Aspect.LoggingAspect    : [METHOD-RETURN] Exiting method: com.example.dateon.Service.JwtService.generateToken() with result = eyJhbGciOiJIUzM4NCJ9.eyJzdWIiOiJha2hpbEBleGFtcGxlLmNvbSIsImlhdCI6MTc3ODMxMDg1NCwiZXhwIjoxNzc4MzIxNjU0fQ.uqsS5rsWLiEI0VBA-3wLpwo3t_bQzhUtsg8RFKDc5IMLRPwkAMg_ed6xa8p2LD8c
2026-05-09T12:44:14.238+05:30  INFO 11360 --- [dateon] [http-nio-8080-exec-1] c.example.dateon.Aspect.LoggingAspect    : [METHOD-CALL] Entering method: com.example.dateon.Service.UserServices.getUserByMail() with arguments = [akhil@example.com]
2026-05-09T12:44:14.243+05:30 DEBUG 11360 --- [dateon] [http-nio-8080-exec-1] org.hibernate.SQL                        : 
    select
        u1_0.id,
        u1_0.age,
        u1_0.ai_match,
        u1_0.answer_to_match_question,
        u1_0.bio,
        u1_0.compatibility_score,
        u1_0.custom_question,
        u1_0.dob,
        u1_0.fcm_token,
        u1_0.gender,
        u1_0.interests,
        u1_0.is_paused,
        u1_0.location,
        u1_0."lock",
        u1_0.loid,
        u1_0.mail,
        u1_0.match_cooldown_until,
        u1_0.match_time,
        u1_0.name,
        u1_0.number,
        u1_0.password,
        u1_0.past_matches,
        u1_0.profile_picture_url,
        u1_0.status,
        u1_0.workplace 
    from
        users u1_0 
    where
        u1_0.mail=?
2026-05-09T12:44:14.247+05:30  INFO 11360 --- [dateon] [http-nio-8080-exec-1] c.example.dateon.Aspect.LoggingAspect    : [METHOD-RETURN] Exiting method: com.example.dateon.Service.UserServices.getUserByMail() with result = Users(id=1, loid=0, name=Akhil M, mail=akhil@example.com, number=9.87654321E9, gender=Male, dob=null, age=26, workplace=TechCorp, bio=Loves coding and coffee, location=Kochi, compatibilityScore=0.85, interests=Coding,Reading,Travel, lock=false, isPaused=false, customQuestion=What's your favorite way to spend a weekend?, answerToMatchQuestion=null, password=$2a$10$dXJ3SW6G7P50lGmMkkmwe.20cQQubK3.HZWzG3YB1tlRy.fqvM/BG, matchTime=null, status=null, pastMatches=null, aiMatch=null, matchCooldownUntil=null, fcmToken=null, profilePictureUrl=null)
2026-05-09T12:44:14.270+05:30 DEBUG 11360 --- [dateon] [http-nio-8080-exec-1] o.s.w.s.m.m.a.HttpEntityMethodProcessor  : Using 'application/json', given [*/*] and supported [application/json, application/*+json]
2026-05-09T12:44:14.270+05:30 DEBUG 11360 --- [dateon] [http-nio-8080-exec-1] o.s.w.s.m.m.a.HttpEntityMethodProcessor  : Writing [{user=Users(id=1, loid=0, name=Akhil M, mail=akhil@example.com, number=9.87654321E9, gender=Male, do (truncated)...]
2026-05-09T12:44:14.326+05:30 DEBUG 11360 --- [dateon] [http-nio-8080-exec-1] org.hibernate.SQL                        : 
    select
        q1_0.usr_id,
        q1_0.id,
        q1_0.answer_text,
        q1_0.question_text 
    from
        question q1_0 
    where
        q1_0.usr_id=?
2026-05-09T12:44:14.357+05:30 DEBUG 11360 --- [dateon] [http-nio-8080-exec-1] o.s.web.servlet.DispatcherServlet        : Completed 200 OK
2026-05-09T12:44:15.263+05:30  INFO 11360 --- [dateon] [http-nio-8080-exec-6] c.example.dateon.Aspect.LoggingAspect    : [METHOD-CALL] Entering method: com.example.dateon.Service.JwtService.extractUserName() with arguments = [eyJhbGciOiJIUzM4NCJ9.eyJzdWIiOiJha2hpbEBleGFtcGxlLmNvbSIsImlhdCI6MTc3ODMxMDg1NCwiZXhwIjoxNzc4MzIxNjU0fQ.uqsS5rsWLiEI0VBA-3wLpwo3t_bQzhUtsg8RFKDc5IMLRPwkAMg_ed6xa8p2LD8c]
2026-05-09T12:44:15.351+05:30  INFO 11360 --- [dateon] [http-nio-8080-exec-6] c.example.dateon.Aspect.LoggingAspect    : [METHOD-RETURN] Exiting method: com.example.dateon.Service.JwtService.extractUserName() with result = akhil@example.com
2026-05-09T12:44:15.354+05:30  INFO 11360 --- [dateon] [http-nio-8080-exec-6] c.example.dateon.Aspect.LoggingAspect    : [METHOD-CALL] Entering method: com.example.dateon.Service.MyUserDetailsService.loadUserByUsername() with arguments = [akhil@example.com]
2026-05-09T12:44:15.358+05:30 DEBUG 11360 --- [dateon] [http-nio-8080-exec-6] org.hibernate.SQL                        : 
    select
        u1_0.id,
        u1_0.age,
        u1_0.ai_match,
        u1_0.answer_to_match_question,
        u1_0.bio,
        u1_0.compatibility_score,
        u1_0.custom_question,
        u1_0.dob,
        u1_0.fcm_token,
        u1_0.gender,
        u1_0.interests,
        u1_0.is_paused,
        u1_0.location,
        u1_0."lock",
        u1_0.loid,
        u1_0.mail,
        u1_0.match_cooldown_until,
        u1_0.match_time,
        u1_0.name,
        u1_0.number,
        u1_0.password,
        u1_0.past_matches,
        u1_0.profile_picture_url,
        u1_0.status,
        u1_0.workplace 
    from
        users u1_0 
    where
        u1_0.mail=?
2026-05-09T12:44:15.362+05:30  INFO 11360 --- [dateon] [http-nio-8080-exec-6] c.example.dateon.Aspect.LoggingAspect    : [METHOD-RETURN] Exiting method: com.example.dateon.Service.MyUserDetailsService.loadUserByUsername() with result = com.example.dateon.Models.UserPrincipal@7eb06e40
2026-05-09T12:44:15.364+05:30  INFO 11360 --- [dateon] [http-nio-8080-exec-6] c.example.dateon.Aspect.LoggingAspect    : [METHOD-CALL] Entering method: com.example.dateon.Service.JwtService.validateToken() with arguments = [eyJhbGciOiJIUzM4NCJ9.eyJzdWIiOiJha2hpbEBleGFtcGxlLmNvbSIsImlhdCI6MTc3ODMxMDg1NCwiZXhwIjoxNzc4MzIxNjU0fQ.uqsS5rsWLiEI0VBA-3wLpwo3t_bQzhUtsg8RFKDc5IMLRPwkAMg_ed6xa8p2LD8c, com.example.dateon.Models.UserPrincipal@7eb06e40]
2026-05-09T12:44:15.376+05:30  INFO 11360 --- [dateon] [http-nio-8080-exec-6] c.example.dateon.Aspect.LoggingAspect    : [METHOD-RETURN] Exiting method: com.example.dateon.Service.JwtService.validateToken() with result = true
2026-05-09T12:44:15.380+05:30 DEBUG 11360 --- [dateon] [http-nio-8080-exec-6] o.s.web.servlet.DispatcherServlet        : GET "/user/1", parameters={}
2026-05-09T12:44:15.381+05:30 DEBUG 11360 --- [dateon] [http-nio-8080-exec-6] s.w.s.m.m.a.RequestMappingHandlerMapping : Mapped to com.example.dateon.Controllers.UserController#getUser(int, Authentication)
2026-05-09T12:44:15.405+05:30  INFO 11360 --- [dateon] [http-nio-8080-exec-6] c.example.dateon.Aspect.LoggingAspect    : [METHOD-CALL] Entering method: com.example.dateon.Service.UserServices.getUserById() with arguments = [1]
2026-05-09T12:44:15.418+05:30  INFO 11360 --- [dateon] [http-nio-8080-exec-4] c.example.dateon.Aspect.LoggingAspect    : [METHOD-CALL] Entering method: com.example.dateon.Service.JwtService.extractUserName() with arguments = [eyJhbGciOiJIUzM4NCJ9.eyJzdWIiOiJha2hpbEBleGFtcGxlLmNvbSIsImlhdCI6MTc3ODMxMDg1NCwiZXhwIjoxNzc4MzIxNjU0fQ.uqsS5rsWLiEI0VBA-3wLpwo3t_bQzhUtsg8RFKDc5IMLRPwkAMg_ed6xa8p2LD8c]
2026-05-09T12:44:15.422+05:30  INFO 11360 --- [dateon] [http-nio-8080-exec-4] c.example.dateon.Aspect.LoggingAspect    : [METHOD-RETURN] Exiting method: com.example.dateon.Service.JwtService.extractUserName() with result = akhil@example.com
2026-05-09T12:44:15.424+05:30  INFO 11360 --- [dateon] [http-nio-8080-exec-4] c.example.dateon.Aspect.LoggingAspect    : [METHOD-CALL] Entering method: com.example.dateon.Service.MyUserDetailsService.loadUserByUsername() with arguments = [akhil@example.com]
2026-05-09T12:44:15.431+05:30 DEBUG 11360 --- [dateon] [http-nio-8080-exec-4] org.hibernate.SQL                        : 
    select
        u1_0.id,
        u1_0.age,
        u1_0.ai_match,
        u1_0.answer_to_match_question,
        u1_0.bio,
        u1_0.compatibility_score,
        u1_0.custom_question,
        u1_0.dob,
        u1_0.fcm_token,
        u1_0.gender,
        u1_0.interests,
        u1_0.is_paused,
        u1_0.location,
        u1_0."lock",
        u1_0.loid,
        u1_0.mail,
        u1_0.match_cooldown_until,
        u1_0.match_time,
        u1_0.name,
        u1_0.number,
        u1_0.password,
        u1_0.past_matches,
        u1_0.profile_picture_url,
        u1_0.status,
        u1_0.workplace 
    from
        users u1_0 
    where
        u1_0.mail=?
2026-05-09T12:44:15.437+05:30  INFO 11360 --- [dateon] [http-nio-8080-exec-4] c.example.dateon.Aspect.LoggingAspect    : [METHOD-RETURN] Exiting method: com.example.dateon.Service.MyUserDetailsService.loadUserByUsername() with result = com.example.dateon.Models.UserPrincipal@31ceacb2
2026-05-09T12:44:15.438+05:30  INFO 11360 --- [dateon] [http-nio-8080-exec-4] c.example.dateon.Aspect.LoggingAspect    : [METHOD-CALL] Entering method: com.example.dateon.Service.JwtService.validateToken() with arguments = [eyJhbGciOiJIUzM4NCJ9.eyJzdWIiOiJha2hpbEBleGFtcGxlLmNvbSIsImlhdCI6MTc3ODMxMDg1NCwiZXhwIjoxNzc4MzIxNjU0fQ.uqsS5rsWLiEI0VBA-3wLpwo3t_bQzhUtsg8RFKDc5IMLRPwkAMg_ed6xa8p2LD8c, com.example.dateon.Models.UserPrincipal@31ceacb2]
2026-05-09T12:44:15.443+05:30  INFO 11360 --- [dateon] [http-nio-8080-exec-4] c.example.dateon.Aspect.LoggingAspect    : [METHOD-RETURN] Exiting method: com.example.dateon.Service.JwtService.validateToken() with result = true
2026-05-09T12:44:15.446+05:30 DEBUG 11360 --- [dateon] [http-nio-8080-exec-4] o.s.web.servlet.DispatcherServlet        : GET "/ws", parameters={}
2026-05-09T12:44:15.447+05:30  INFO 11360 --- [dateon] [http-nio-8080-exec-10] c.example.dateon.Aspect.LoggingAspect    : [METHOD-CALL] Entering method: com.example.dateon.Service.JwtService.extractUserName() with arguments = [eyJhbGciOiJIUzM4NCJ9.eyJzdWIiOiJha2hpbEBleGFtcGxlLmNvbSIsImlhdCI6MTc3ODMxMDg1NCwiZXhwIjoxNzc4MzIxNjU0fQ.uqsS5rsWLiEI0VBA-3wLpwo3t_bQzhUtsg8RFKDc5IMLRPwkAMg_ed6xa8p2LD8c]
2026-05-09T12:44:15.447+05:30 DEBUG 11360 --- [dateon] [http-nio-8080-exec-4] o.s.w.s.s.s.WebSocketHandlerMapping      : Mapped to org.springframework.web.socket.server.support.WebSocketHttpRequestHandler@22272bac
2026-05-09T12:44:15.449+05:30  INFO 11360 --- [dateon] [http-nio-8080-exec-10] c.example.dateon.Aspect.LoggingAspect    : [METHOD-RETURN] Exiting method: com.example.dateon.Service.JwtService.extractUserName() with result = akhil@example.com
2026-05-09T12:44:15.450+05:30  INFO 11360 --- [dateon] [http-nio-8080-exec-10] c.example.dateon.Aspect.LoggingAspect    : [METHOD-CALL] Entering method: com.example.dateon.Service.MyUserDetailsService.loadUserByUsername() with arguments = [akhil@example.com]
2026-05-09T12:44:15.451+05:30 DEBUG 11360 --- [dateon] [http-nio-8080-exec-4] o.s.w.s.s.s.WebSocketHttpRequestHandler  : GET /ws
2026-05-09T12:44:15.453+05:30 DEBUG 11360 --- [dateon] [http-nio-8080-exec-10] org.hibernate.SQL                        : 
    select
        u1_0.id,
        u1_0.age,
        u1_0.ai_match,
        u1_0.answer_to_match_question,
        u1_0.bio,
        u1_0.compatibility_score,
        u1_0.custom_question,
        u1_0.dob,
        u1_0.fcm_token,
        u1_0.gender,
        u1_0.interests,
        u1_0.is_paused,
        u1_0.location,
        u1_0."lock",
        u1_0.loid,
        u1_0.mail,
        u1_0.match_cooldown_until,
        u1_0.match_time,
        u1_0.name,
        u1_0.number,
        u1_0.password,
        u1_0.past_matches,
        u1_0.profile_picture_url,
        u1_0.status,
        u1_0.workplace 
    from
        users u1_0 
    where
        u1_0.mail=?
2026-05-09T12:44:15.457+05:30  INFO 11360 --- [dateon] [http-nio-8080-exec-10] c.example.dateon.Aspect.LoggingAspect    : [METHOD-RETURN] Exiting method: com.example.dateon.Service.MyUserDetailsService.loadUserByUsername() with result = com.example.dateon.Models.UserPrincipal@1a0b5f54
2026-05-09T12:44:15.458+05:30  INFO 11360 --- [dateon] [http-nio-8080-exec-10] c.example.dateon.Aspect.LoggingAspect    : [METHOD-CALL] Entering method: com.example.dateon.Service.JwtService.validateToken() with arguments = [eyJhbGciOiJIUzM4NCJ9.eyJzdWIiOiJha2hpbEBleGFtcGxlLmNvbSIsImlhdCI6MTc3ODMxMDg1NCwiZXhwIjoxNzc4MzIxNjU0fQ.uqsS5rsWLiEI0VBA-3wLpwo3t_bQzhUtsg8RFKDc5IMLRPwkAMg_ed6xa8p2LD8c, com.example.dateon.Models.UserPrincipal@1a0b5f54]
2026-05-09T12:44:15.463+05:30  INFO 11360 --- [dateon] [http-nio-8080-exec-10] c.example.dateon.Aspect.LoggingAspect    : [METHOD-RETURN] Exiting method: com.example.dateon.Service.JwtService.validateToken() with result = true
2026-05-09T12:44:15.466+05:30 DEBUG 11360 --- [dateon] [http-nio-8080-exec-10] o.s.web.servlet.DispatcherServlet        : GET "/user/1", parameters={}
2026-05-09T12:44:15.467+05:30 DEBUG 11360 --- [dateon] [http-nio-8080-exec-10] s.w.s.m.m.a.RequestMappingHandlerMapping : Mapped to com.example.dateon.Controllers.UserController#getUser(int, Authentication)
2026-05-09T12:44:15.470+05:30  INFO 11360 --- [dateon] [http-nio-8080-exec-10] c.example.dateon.Aspect.LoggingAspect    : [METHOD-CALL] Entering method: com.example.dateon.Service.UserServices.getUserById() with arguments = [1]
2026-05-09T12:44:15.488+05:30 DEBUG 11360 --- [dateon] [http-nio-8080-exec-10] org.hibernate.SQL                        : 
    select
        u1_0.id,
        u1_0.age,
        u1_0.ai_match,
        u1_0.answer_to_match_question,
        u1_0.bio,
        u1_0.compatibility_score,
        u1_0.custom_question,
        u1_0.dob,
        u1_0.fcm_token,
        u1_0.gender,
        u1_0.interests,
        u1_0.is_paused,
        u1_0.location,
        u1_0."lock",
        u1_0.loid,
        u1_0.mail,
        u1_0.match_cooldown_until,
        u1_0.match_time,
        u1_0.name,
        u1_0.number,
        u1_0.password,
        u1_0.past_matches,
        u1_0.profile_picture_url,
        u1_0.status,
        u1_0.workplace 
    from
        users u1_0 
    where
        u1_0.id=?
2026-05-09T12:44:15.488+05:30 DEBUG 11360 --- [dateon] [http-nio-8080-exec-6] org.hibernate.SQL                        : 
    select
        u1_0.id,
        u1_0.age,
        u1_0.ai_match,
        u1_0.answer_to_match_question,
        u1_0.bio,
        u1_0.compatibility_score,
        u1_0.custom_question,
        u1_0.dob,
        u1_0.fcm_token,
        u1_0.gender,
        u1_0.interests,
        u1_0.is_paused,
        u1_0.location,
        u1_0."lock",
        u1_0.loid,
        u1_0.mail,
        u1_0.match_cooldown_until,
        u1_0.match_time,
        u1_0.name,
        u1_0.number,
        u1_0.password,
        u1_0.past_matches,
        u1_0.profile_picture_url,
        u1_0.status,
        u1_0.workplace 
    from
        users u1_0 
    where
        u1_0.id=?
2026-05-09T12:44:15.502+05:30  INFO 11360 --- [dateon] [http-nio-8080-exec-10] c.example.dateon.Aspect.LoggingAspect    : [METHOD-RETURN] Exiting method: com.example.dateon.Service.UserServices.getUserById() with result = Users(id=1, loid=0, name=Akhil M, mail=akhil@example.com, number=9.87654321E9, gender=Male, dob=null, age=26, workplace=TechCorp, bio=Loves coding and coffee, location=Kochi, compatibilityScore=0.85, interests=Coding,Reading,Travel, lock=false, isPaused=false, customQuestion=What's your favorite way to spend a weekend?, answerToMatchQuestion=null, password=$2a$10$dXJ3SW6G7P50lGmMkkmwe.20cQQubK3.HZWzG3YB1tlRy.fqvM/BG, matchTime=null, status=null, pastMatches=null, aiMatch=null, matchCooldownUntil=null, fcmToken=null, profilePictureUrl=null)
2026-05-09T12:44:15.502+05:30  INFO 11360 --- [dateon] [http-nio-8080-exec-10] c.example.dateon.Aspect.LoggingAspect    : [METHOD-CALL] Entering method: com.example.dateon.Service.UserServices.getUserByMail() with arguments = [akhil@example.com]
2026-05-09T12:44:15.517+05:30 DEBUG 11360 --- [dateon] [http-nio-8080-exec-10] org.hibernate.SQL                        : 
    select
        u1_0.id,
        u1_0.age,
        u1_0.ai_match,
        u1_0.answer_to_match_question,
        u1_0.bio,
        u1_0.compatibility_score,
        u1_0.custom_question,
        u1_0.dob,
        u1_0.fcm_token,
        u1_0.gender,
        u1_0.interests,
        u1_0.is_paused,
        u1_0.location,
        u1_0."lock",
        u1_0.loid,
        u1_0.mail,
        u1_0.match_cooldown_until,
        u1_0.match_time,
        u1_0.name,
        u1_0.number,
        u1_0.password,
        u1_0.past_matches,
        u1_0.profile_picture_url,
        u1_0.status,
        u1_0.workplace 
    from
        users u1_0 
    where
        u1_0.mail=?
2026-05-09T12:44:15.520+05:30  INFO 11360 --- [dateon] [http-nio-8080-exec-6] c.example.dateon.Aspect.LoggingAspect    : [METHOD-RETURN] Exiting method: com.example.dateon.Service.UserServices.getUserById() with result = Users(id=1, loid=0, name=Akhil M, mail=akhil@example.com, number=9.87654321E9, gender=Male, dob=null, age=26, workplace=TechCorp, bio=Loves coding and coffee, location=Kochi, compatibilityScore=0.85, interests=Coding,Reading,Travel, lock=false, isPaused=false, customQuestion=What's your favorite way to spend a weekend?, answerToMatchQuestion=null, password=$2a$10$dXJ3SW6G7P50lGmMkkmwe.20cQQubK3.HZWzG3YB1tlRy.fqvM/BG, matchTime=null, status=null, pastMatches=null, aiMatch=null, matchCooldownUntil=null, fcmToken=null, profilePictureUrl=null)
2026-05-09T12:44:15.522+05:30  INFO 11360 --- [dateon] [http-nio-8080-exec-10] c.example.dateon.Aspect.LoggingAspect    : [METHOD-RETURN] Exiting method: com.example.dateon.Service.UserServices.getUserByMail() with result = Users(id=1, loid=0, name=Akhil M, mail=akhil@example.com, number=9.87654321E9, gender=Male, dob=null, age=26, workplace=TechCorp, bio=Loves coding and coffee, location=Kochi, compatibilityScore=0.85, interests=Coding,Reading,Travel, lock=false, isPaused=false, customQuestion=What's your favorite way to spend a weekend?, answerToMatchQuestion=null, password=$2a$10$dXJ3SW6G7P50lGmMkkmwe.20cQQubK3.HZWzG3YB1tlRy.fqvM/BG, matchTime=null, status=null, pastMatches=null, aiMatch=null, matchCooldownUntil=null, fcmToken=null, profilePictureUrl=null)
2026-05-09T12:44:15.523+05:30  INFO 11360 --- [dateon] [http-nio-8080-exec-6] c.example.dateon.Aspect.LoggingAspect    : [METHOD-CALL] Entering method: com.example.dateon.Service.UserServices.getUserByMail() with arguments = [akhil@example.com]
2026-05-09T12:44:15.541+05:30 DEBUG 11360 --- [dateon] [http-nio-8080-exec-6] org.hibernate.SQL                        : 
    select
        u1_0.id,
        u1_0.age,
        u1_0.ai_match,
        u1_0.answer_to_match_question,
        u1_0.bio,
        u1_0.compatibility_score,
        u1_0.custom_question,
        u1_0.dob,
        u1_0.fcm_token,
        u1_0.gender,
        u1_0.interests,
        u1_0.is_paused,
        u1_0.location,
        u1_0."lock",
        u1_0.loid,
        u1_0.mail,
        u1_0.match_cooldown_until,
        u1_0.match_time,
        u1_0.name,
        u1_0.number,
        u1_0.password,
        u1_0.past_matches,
        u1_0.profile_picture_url,
        u1_0.status,
        u1_0.workplace 
    from
        users u1_0 
    where
        u1_0.mail=?
2026-05-09T12:44:15.551+05:30  INFO 11360 --- [dateon] [http-nio-8080-exec-6] c.example.dateon.Aspect.LoggingAspect    : [METHOD-RETURN] Exiting method: com.example.dateon.Service.UserServices.getUserByMail() with result = Users(id=1, loid=0, name=Akhil M, mail=akhil@example.com, number=9.87654321E9, gender=Male, dob=null, age=26, workplace=TechCorp, bio=Loves coding and coffee, location=Kochi, compatibilityScore=0.85, interests=Coding,Reading,Travel, lock=false, isPaused=false, customQuestion=What's your favorite way to spend a weekend?, answerToMatchQuestion=null, password=$2a$10$dXJ3SW6G7P50lGmMkkmwe.20cQQubK3.HZWzG3YB1tlRy.fqvM/BG, matchTime=null, status=null, pastMatches=null, aiMatch=null, matchCooldownUntil=null, fcmToken=null, profilePictureUrl=null)
2026-05-09T12:44:15.557+05:30 DEBUG 11360 --- [dateon] [http-nio-8080-exec-6] o.s.w.s.m.m.a.HttpEntityMethodProcessor  : Using 'application/json', given [*/*] and supported [application/json, application/*+json]
2026-05-09T12:44:15.559+05:30 DEBUG 11360 --- [dateon] [http-nio-8080-exec-6] o.s.w.s.m.m.a.HttpEntityMethodProcessor  : Writing [Users(id=1, loid=0, name=Akhil M, mail=akhil@example.com, number=9.87654321E9, gender=Male, dob=null (truncated)...]
2026-05-09T12:44:15.563+05:30 DEBUG 11360 --- [dateon] [http-nio-8080-exec-6] org.hibernate.SQL                        : 
    select
        q1_0.usr_id,
        q1_0.id,
        q1_0.answer_text,
        q1_0.question_text 
    from
        question q1_0 
    where
        q1_0.usr_id=?
2026-05-09T12:44:15.557+05:30 DEBUG 11360 --- [dateon] [http-nio-8080-exec-10] o.s.w.s.m.m.a.HttpEntityMethodProcessor  : Using 'application/json', given [*/*] and supported [application/json, application/*+json]
2026-05-09T12:44:15.568+05:30 DEBUG 11360 --- [dateon] [http-nio-8080-exec-10] o.s.w.s.m.m.a.HttpEntityMethodProcessor  : Writing [Users(id=1, loid=0, name=Akhil M, mail=akhil@example.com, number=9.87654321E9, gender=Male, dob=null (truncated)...]
2026-05-09T12:44:15.572+05:30 DEBUG 11360 --- [dateon] [http-nio-8080-exec-10] org.hibernate.SQL                        : 
    select
        q1_0.usr_id,
        q1_0.id,
        q1_0.answer_text,
        q1_0.question_text 
    from
        question q1_0 
    where
        q1_0.usr_id=?
2026-05-09T12:44:15.572+05:30 DEBUG 11360 --- [dateon] [http-nio-8080-exec-6] o.s.web.servlet.DispatcherServlet        : Completed 200 OK
2026-05-09T12:44:15.576+05:30 DEBUG 11360 --- [dateon] [http-nio-8080-exec-10] o.s.web.servlet.DispatcherServlet        : Completed 200 OK
2026-05-09T12:44:15.635+05:30 DEBUG 11360 --- [dateon] [http-nio-8080-exec-4] o.s.web.servlet.DispatcherServlet        : Completed 101 SWITCHING_PROTOCOLS
2026-05-09T12:44:15.703+05:30 DEBUG 11360 --- [dateon] [http-nio-8080-exec-4] s.w.s.h.LoggingWebSocketHandlerDecorator : New StandardWebSocketSession[id=1bd8a179-5f64-42c4-bbb3-974303472c42, uri=ws://10.0.2.2:8080/ws]
2026-05-09T12:44:15.966+05:30 DEBUG 11360 --- [dateon] [clientInboundChannel-2] org.springframework.web.SimpLogging      : Processing CONNECT user=akhil@example.com session=1bd8a179-5f64-42c4-bbb3-974303472c42
2026-05-09T12:44:16.593+05:30 DEBUG 11360 --- [dateon] [clientInboundChannel-5] org.springframework.web.SimpLogging      : Processing SUBSCRIBE /topic/user.status.1 id=sub-0 session=1bd8a179-5f64-42c4-bbb3-974303472c42
2026-05-09T12:44:22.195+05:30  INFO 11360 --- [dateon] [http-nio-8080-exec-1] c.example.dateon.Aspect.LoggingAspect    : [METHOD-CALL] Entering method: com.example.dateon.Service.JwtService.extractUserName() with arguments = [eyJhbGciOiJIUzM4NCJ9.eyJzdWIiOiJha2hpbEBleGFtcGxlLmNvbSIsImlhdCI6MTc3ODMxMDg1NCwiZXhwIjoxNzc4MzIxNjU0fQ.uqsS5rsWLiEI0VBA-3wLpwo3t_bQzhUtsg8RFKDc5IMLRPwkAMg_ed6xa8p2LD8c]
2026-05-09T12:44:22.200+05:30  INFO 11360 --- [dateon] [http-nio-8080-exec-1] c.example.dateon.Aspect.LoggingAspect    : [METHOD-RETURN] Exiting method: com.example.dateon.Service.JwtService.extractUserName() with result = akhil@example.com
2026-05-09T12:44:22.201+05:30  INFO 11360 --- [dateon] [http-nio-8080-exec-1] c.example.dateon.Aspect.LoggingAspect    : [METHOD-CALL] Entering method: com.example.dateon.Service.MyUserDetailsService.loadUserByUsername() with arguments = [akhil@example.com]
2026-05-09T12:44:22.205+05:30 DEBUG 11360 --- [dateon] [http-nio-8080-exec-1] org.hibernate.SQL                        : 
    select
        u1_0.id,
        u1_0.age,
        u1_0.ai_match,
        u1_0.answer_to_match_question,
        u1_0.bio,
        u1_0.compatibility_score,
        u1_0.custom_question,
        u1_0.dob,
        u1_0.fcm_token,
        u1_0.gender,
        u1_0.interests,
        u1_0.is_paused,
        u1_0.location,
        u1_0."lock",
        u1_0.loid,
        u1_0.mail,
        u1_0.match_cooldown_until,
        u1_0.match_time,
        u1_0.name,
        u1_0.number,
        u1_0.password,
        u1_0.past_matches,
        u1_0.profile_picture_url,
        u1_0.status,
        u1_0.workplace 
    from
        users u1_0 
    where
        u1_0.mail=?
2026-05-09T12:44:22.212+05:30  INFO 11360 --- [dateon] [http-nio-8080-exec-1] c.example.dateon.Aspect.LoggingAspect    : [METHOD-RETURN] Exiting method: com.example.dateon.Service.MyUserDetailsService.loadUserByUsername() with result = com.example.dateon.Models.UserPrincipal@3b3c4dca
2026-05-09T12:44:22.215+05:30  INFO 11360 --- [dateon] [http-nio-8080-exec-1] c.example.dateon.Aspect.LoggingAspect    : [METHOD-CALL] Entering method: com.example.dateon.Service.JwtService.validateToken() with arguments = [eyJhbGciOiJIUzM4NCJ9.eyJzdWIiOiJha2hpbEBleGFtcGxlLmNvbSIsImlhdCI6MTc3ODMxMDg1NCwiZXhwIjoxNzc4MzIxNjU0fQ.uqsS5rsWLiEI0VBA-3wLpwo3t_bQzhUtsg8RFKDc5IMLRPwkAMg_ed6xa8p2LD8c, com.example.dateon.Models.UserPrincipal@3b3c4dca]
2026-05-09T12:44:22.219+05:30  INFO 11360 --- [dateon] [http-nio-8080-exec-1] c.example.dateon.Aspect.LoggingAspect    : [METHOD-RETURN] Exiting method: com.example.dateon.Service.JwtService.validateToken() with result = true
2026-05-09T12:44:22.235+05:30 DEBUG 11360 --- [dateon] [http-nio-8080-exec-1] o.s.web.servlet.DispatcherServlet        : POST "/user/1/fcm-token", parameters={}
2026-05-09T12:44:22.236+05:30 DEBUG 11360 --- [dateon] [http-nio-8080-exec-1] s.w.s.m.m.a.RequestMappingHandlerMapping : Mapped to com.example.dateon.Controllers.UserController#updateFcmToken(int, Map)
2026-05-09T12:44:22.244+05:30 DEBUG 11360 --- [dateon] [http-nio-8080-exec-1] m.m.a.RequestResponseBodyMethodProcessor : Read "application/json;charset=UTF-8" to [{token=f5_rVa5jSVCA-Pj97sSaaU:APA91bEWGe3sRx0OiwogVrJZUK3ouhEZRsDn0vB3nGblFgmakaU6GbognQ34iUG0JSZX_N (truncated)...]
2026-05-09T12:44:22.248+05:30  INFO 11360 --- [dateon] [http-nio-8080-exec-1] c.example.dateon.Aspect.LoggingAspect    : [METHOD-CALL] Entering method: com.example.dateon.Service.UserServices.updateFcmToken() with arguments = [1, f5_rVa5jSVCA-Pj97sSaaU:APA91bEWGe3sRx0OiwogVrJZUK3ouhEZRsDn0vB3nGblFgmakaU6GbognQ34iUG0JSZX_NcmibZdykpRbrMWwaAOrXhCgy7IdE9s63boommesshCaW9fis0]
2026-05-09T12:44:22.256+05:30 DEBUG 11360 --- [dateon] [http-nio-8080-exec-1] org.hibernate.SQL                        : 
    select
        u1_0.id,
        u1_0.age,
        u1_0.ai_match,
        u1_0.answer_to_match_question,
        u1_0.bio,
        u1_0.compatibility_score,
        u1_0.custom_question,
        u1_0.dob,
        u1_0.fcm_token,
        u1_0.gender,
        u1_0.interests,
        u1_0.is_paused,
        u1_0.location,
        u1_0."lock",
        u1_0.loid,
        u1_0.mail,
        u1_0.match_cooldown_until,
        u1_0.match_time,
        u1_0.name,
        u1_0.number,
        u1_0.password,
        u1_0.past_matches,
        u1_0.profile_picture_url,
        u1_0.status,
        u1_0.workplace 
    from
        users u1_0 
    where
        u1_0.id=?
2026-05-09T12:44:22.386+05:30 DEBUG 11360 --- [dateon] [http-nio-8080-exec-1] org.hibernate.SQL                        : 
    update
        users 
    set
        age=?,
        ai_match=?,
        answer_to_match_question=?,
        bio=?,
        compatibility_score=?,
        custom_question=?,
        dob=?,
        fcm_token=?,
        gender=?,
        interests=?,
        is_paused=?,
        location=?,
        "lock"=?,
        loid=?,
        mail=?,
        match_cooldown_until=?,
        match_time=?,
        name=?,
        number=?,
        password=?,
        past_matches=?,
        profile_picture_url=?,
        status=?,
        workplace=? 
    where
        id=?
2026-05-09T12:44:22.431+05:30  INFO 11360 --- [dateon] [http-nio-8080-exec-1] c.example.dateon.Aspect.LoggingAspect    : [METHOD-RETURN] Exiting method: com.example.dateon.Service.UserServices.updateFcmToken() with result = null
2026-05-09T12:44:22.441+05:30 DEBUG 11360 --- [dateon] [http-nio-8080-exec-1] o.s.w.s.m.m.a.HttpEntityMethodProcessor  : Using 'application/json', given [*/*] and supported [application/json, application/*+json]
2026-05-09T12:44:22.443+05:30 DEBUG 11360 --- [dateon] [http-nio-8080-exec-1] o.s.w.s.m.m.a.HttpEntityMethodProcessor  : Writing [{message=FCM Token updated}]
2026-05-09T12:44:22.446+05:30 DEBUG 11360 --- [dateon] [http-nio-8080-exec-1] o.s.web.servlet.DispatcherServlet        : Completed 200 OK
2026-05-09T12:59:23.906+05:30  INFO 11360 --- [dateon] [MessageBroker-1] o.s.w.s.c.WebSocketMessageBrokerStats    : WebSocketSession[1 current WS(1)-HttpStream(0)-HttpPoll(0), 1 total, 0 closed abnormally (0 connect failure, 0 send limit, 0 transport error)], stompSubProtocol[processed CONNECT(1)-CONNECTED(1)-DISCONNECT(0)], stompBrokerRelay[null], inboundChannel[pool size = 0, active threads = 0, queued tasks = 0, completed tasks = 6], outboundChannel[pool size = 0, active threads = 0, queued tasks = 0, completed tasks = 1], sockJsScheduler[pool size = 2, active threads = 1, queued tasks = 0, completed tasks = 1]
2026-05-09T13:19:39.347+05:30 DEBUG 11360 --- [dateon] [http-nio-8080-exec-6] s.w.s.h.LoggingWebSocketHandlerDecorator : Transport error in StandardWebSocketSession[id=1bd8a179-5f64-42c4-bbb3-974303472c42, uri=ws://10.0.2.2:8080/ws]

java.io.EOFException: null
	at org.apache.tomcat.util.net.NioEndpoint$NioSocketWrapper.fillReadBuffer(NioEndpoint.java:1335) ~[tomcat-embed-core-10.1.46.jar:10.1.46]
	at org.apache.tomcat.util.net.NioEndpoint$NioSocketWrapper.read(NioEndpoint.java:1220) ~[tomcat-embed-core-10.1.46.jar:10.1.46]
	at org.apache.tomcat.websocket.server.WsFrameServer.onDataAvailable(WsFrameServer.java:74) ~[tomcat-embed-websocket-10.1.46.jar:10.1.46]
	at org.apache.tomcat.websocket.server.WsFrameServer.doOnDataAvailable(WsFrameServer.java:184) ~[tomcat-embed-websocket-10.1.46.jar:10.1.46]
	at org.apache.tomcat.websocket.server.WsFrameServer.notifyDataAvailable(WsFrameServer.java:164) ~[tomcat-embed-websocket-10.1.46.jar:10.1.46]
	at org.apache.tomcat.websocket.server.WsHttpUpgradeHandler.upgradeDispatch(WsHttpUpgradeHandler.java:152) ~[tomcat-embed-websocket-10.1.46.jar:10.1.46]
	at org.apache.coyote.http11.upgrade.UpgradeProcessorInternal.dispatch(UpgradeProcessorInternal.java:60) ~[tomcat-embed-core-10.1.46.jar:10.1.46]
	at org.apache.coyote.AbstractProcessorLight.process(AbstractProcessorLight.java:57) ~[tomcat-embed-core-10.1.46.jar:10.1.46]
	at org.apache.coyote.AbstractProtocol$ConnectionHandler.process(AbstractProtocol.java:903) ~[tomcat-embed-core-10.1.46.jar:10.1.46]
	at org.apache.tomcat.util.net.NioEndpoint$SocketProcessor.doRun(NioEndpoint.java:1776) ~[tomcat-embed-core-10.1.46.jar:10.1.46]
	at org.apache.tomcat.util.net.SocketProcessorBase.run(SocketProcessorBase.java:52) ~[tomcat-embed-core-10.1.46.jar:10.1.46]
	at org.apache.tomcat.util.threads.ThreadPoolExecutor.runWorker(ThreadPoolExecutor.java:975) ~[tomcat-embed-core-10.1.46.jar:10.1.46]
	at org.apache.tomcat.util.threads.ThreadPoolExecutor$Worker.run(ThreadPoolExecutor.java:493) ~[tomcat-embed-core-10.1.46.jar:10.1.46]
	at org.apache.tomcat.util.threads.TaskThread$WrappingRunnable.run(TaskThread.java:63) ~[tomcat-embed-core-10.1.46.jar:10.1.46]
	at java.base/java.lang.Thread.run(Thread.java:1447) ~[na:na]

2026-05-09T13:19:39.377+05:30 DEBUG 11360 --- [dateon] [http-nio-8080-exec-6] s.w.s.h.LoggingWebSocketHandlerDecorator : StandardWebSocketSession[id=1bd8a179-5f64-42c4-bbb3-974303472c42, uri=ws://10.0.2.2:8080/ws] closed with CloseStatus[code=1006, reason=null]
2026-05-09T13:19:39.377+05:30 DEBUG 11360 --- [dateon] [http-nio-8080-exec-6] o.s.w.s.m.SubProtocolWebSocketHandler    : Clearing session 1bd8a179-5f64-42c4-bbb3-974303472c42
2026-05-09T13:19:39.379+05:30 DEBUG 11360 --- [dateon] [clientInboundChannel-8] org.springframework.web.SimpLogging      : Processing DISCONNECT session=1bd8a179-5f64-42c4-bbb3-974303472c42
2026-05-09T13:19:39.383+05:30 DEBUG 11360 --- [dateon] [clientOutboundChannel-2] o.s.w.s.m.SubProtocolWebSocketHandler    : No session for GenericMessage [payload=byte[0], headers={simpMessageType=DISCONNECT_ACK, simpDisconnectMessage=GenericMessage [payload=byte[0], headers={simpMessageType=DISCONNECT, stompCommand=DISCONNECT, simpSessionAttributes={org.springframework.messaging.simp.SimpAttributes.COMPLETED=true}, simpUser=UsernamePasswordAuthenticationToken [Principal=com.example.dateon.Models.UserPrincipal@31ceacb2, Credentials=[PROTECTED], Authenticated=true, Details=WebAuthenticationDetails [RemoteIpAddress=127.0.0.1, SessionId=null], Granted Authorities=[USER]], simpSessionId=1bd8a179-5f64-42c4-bbb3-974303472c42}], simpUser=UsernamePasswordAuthenticationToken [Principal=com.example.dateon.Models.UserPrincipal@31ceacb2, Credentials=[PROTECTED], Authenticated=true, Details=WebAuthenticationDetails [RemoteIpAddress=127.0.0.1, SessionId=null], Granted Authorities=[USER]], simpSessionId=1bd8a179-5f64-42c4-bbb3-974303472c42}]
2026-05-09T13:29:23.925+05:30  INFO 11360 --- [dateon] [MessageBroker-2] o.s.w.s.c.WebSocketMessageBrokerStats    : WebSocketSession[0 current WS(0)-HttpStream(0)-HttpPoll(0), 1 total, 0 closed abnormally (0 connect failure, 0 send limit, 1 transport error)], stompSubProtocol[processed CONNECT(1)-CONNECTED(1)-DISCONNECT(0)], stompBrokerRelay[null], inboundChannel[pool size = 0, active threads = 0, queued tasks = 0, completed tasks = 9], outboundChannel[pool size = 0, active threads = 0, queued tasks = 0, completed tasks = 2], sockJsScheduler[pool size = 3, active threads = 1, queued tasks = 0, completed tasks = 2]
